
      Welcome to Streamlit!

      If you'd like to receive helpful onboarding emails, news, offers, promotions,
      and the occasional swag, please enter your email address below. Otherwise,
      leave this field blank.

      Email: [0m2026-03-30 18:25:08.597 2026-03-30 18:47:43.887 An update to the [server] config option section was detected. To have these changes be reflected, please restart streamlit.
2026-03-31 19:06:42.741 200 GET / (::1) 41.52ms
2026-03-31 19:10:48.447 200 GET / (::1) 3.56ms
2026-03-31 19:12:06.221 200 GET / (::1) 8.96ms
2026-03-31 19:12:06.317 200 GET /static/media/SourceSansVF-Upright.ttf.BsWL4Kly.woff2 (::1) 48.48ms
2026-03-31 19:12:07.077 200 GET /static/js/index.RuhrnD1v.js (::1) 759.67ms
2026-03-31 19:12:07.095 200 GET /static/css/index.CwxM5zkf.css (::1) 16.33ms
2026-03-31 19:12:07.169 200 GET /_stcore/health (::1) 6.29ms
2026-03-31 19:12:07.171 200 GET /_stcore/host-config (::1) 1.58ms
2026-03-31 19:12:07.179 200 GET /favicon.png (::1) 3.06ms
2026-03-31 19:12:07.190 101 GET /_stcore/stream (::1) 10.07ms
2026-03-31 19:12:09.019 200 GET /static/js/index.XO1XYf_A.js (::1) 164.23ms
2026-03-31 19:12:09.032 Please replace `use_container_width` with `width`.

`use_container_width` will be removed after 2025-12-31.

For `use_container_width=True`, use `width='stretch'`. For `use_container_width=False`, use `width='content'`.
2026-03-31 19:12:09.074 Please replace `use_container_width` with `width`.

`use_container_width` will be removed after 2025-12-31.

For `use_container_width=True`, use `width='stretch'`. For `use_container_width=False`, use `width='content'`.
2026-03-31 19:12:09.084 Please replace `use_container_width` with `width`.

`use_container_width` will be removed after 2025-12-31.

For `use_container_width=True`, use `width='stretch'`. For `use_container_width=False`, use `width='content'`.
2026-03-31 19:12:09.087 Please replace `use_container_width` with `width`.

`use_container_width` will be removed after 2025-12-31.

For `use_container_width=True`, use `width='stretch'`. For `use_container_width=False`, use `width='content'`.
2026-03-31 19:12:09.089 200 GET /static/js/index.BQCsuA0I.js (::1) 53.79ms
2026-03-31 19:12:09.142 200 GET /static/js/index.bsVAaBS1.js (::1) 107.01ms
2026-03-31 19:12:09.199 200 GET /static/js/index.ByklcDol.js (::1) 164.30ms
2026-03-31 19:12:09.225 200 GET /static/js/WidgetLabel.CgwydhVR.js (::1) 190.08ms
2026-03-31 19:12:09.243 200 GET /static/js/styled-components.CXqQ-NdV.js (::1) 207.12ms
2026-03-31 19:12:09.270 200 GET /static/js/WidgetLabelHelpIcon.BKLcvqEy.js (::1) 26.02ms
2026-03-31 19:12:09.289 200 GET /static/js/FormClearHelper.DFo50Lfo.js (::1) 45.11ms
2026-03-31 19:12:09.491 Please replace `use_container_width` with `width`.

`use_container_width` will be removed after 2025-12-31.

For `use_container_width=True`, use `width='stretch'`. For `use_container_width=False`, use `width='content'`.
2026-03-31 19:12:09.497 Please replace `use_container_width` with `width`.

`use_container_width` will be removed after 2025-12-31.

For `use_container_width=True`, use `width='stretch'`. For `use_container_width=False`, use `width='content'`.
2026-03-31 19:12:09.499 200 GET /static/js/FileHelper.BBQQGoDt.js (::1) 254.75ms
2026-03-31 19:12:09.626 200 GET /static/js/UploadFileInfo.Dr-zDST7.js (::1) 381.29ms
2026-03-31 19:12:09.814 200 GET /static/js/ProgressBar.CMnb-7c9.js (::1) 566.80ms
2026-03-31 19:12:09.817 200 GET /static/media/MaterialSymbols-Rounded.BSbTZIlv.woff2 (::1) 782.55ms
2026-03-31 19:12:09.908 200 GET /static/js/index.Didtakpp.js (::1) 83.40ms
2026-03-31 19:12:10.045 200 GET /static/js/styled-components.COQN5YTT.js (::1) 220.58ms
2026-03-31 19:12:10.106 200 GET /static/js/styled-components.BjCveN31.js (::1) 280.89ms
2026-03-31 19:12:10.180 Please replace `use_container_width` with `width`.

`use_container_width` will be removed after 2025-12-31.

For `use_container_width=True`, use `width='stretch'`. For `use_container_width=False`, use `width='content'`.
2026-03-31 19:12:10.198 Please replace `use_container_width` with `width`.

`use_container_width` will be removed after 2025-12-31.

For `use_container_width=True`, use `width='stretch'`. For `use_container_width=False`, use `width='content'`.
2026-03-31 19:12:10.217 200 GET /static/js/select.C3diGM4n.js (::1) 387.09ms
2026-03-31 19:12:10.249 200 GET /static/js/constants.BZvTtNRL.js (::1) 418.54ms
2026-03-31 19:12:10.274 200 GET /static/js/useBasicWidgetState.CI9LlGGe.js (::1) 442.98ms
2026-03-31 19:12:10.313 Please replace `use_container_width` with `width`.

`use_container_width` will be removed after 2025-12-31.

For `use_container_width=True`, use `width='stretch'`. For `use_container_width=False`, use `width='content'`.
2026-03-31 19:12:10.375 Please replace `use_container_width` with `width`.

`use_container_width` will be removed after 2025-12-31.

For `use_container_width=True`, use `width='stretch'`. For `use_container_width=False`, use `width='content'`.
2026-03-31 19:12:10.398 Please replace `use_container_width` with `width`.

`use_container_width` will be removed after 2025-12-31.

For `use_container_width=True`, use `width='stretch'`. For `use_container_width=False`, use `width='content'`.
2026-03-31 19:12:10.433 200 GET /static/js/timepicker.CC8Doctl.js (::1) 144.44ms
2026-03-31 19:12:10.566 200 GET /static/js/index.XUdY5jN6.js (::1) 277.36ms
2026-03-31 19:12:10.714 200 GET /static/js/InputInstructions.BuiQHvdK.js (::1) 425.08ms
2026-03-31 19:12:10.776 200 GET /static/js/sprintfjs.DSsuEWyc.js (::1) 486.73ms
2026-03-31 19:12:10.805 200 GET /static/js/uniqueId.HT2UodMD.js (::1) 516.06ms
2026-03-31 19:12:10.853 200 GET /static/js/input.edoqeH9S.js (::1) 562.97ms
2026-03-31 19:12:11.658 200 GET /static/js/base-input.DmvIDeb9.js (::1) 44.98ms
2026-03-31 19:12:11.769 200 GET /static/js/index.C1Y0t3IF.js (::1) 26.74ms
2026-03-31 19:12:11.790 200 GET /static/js/_baseMap.BQYfXAcQ.js (::1) 20.63ms
2026-03-31 19:12:11.837 200 GET /static/js/useSelectCommon.CZJ9OUIq.js (::1) 67.98ms
2026-03-31 19:12:11.940 200 GET /static/css/index.DgR7E2CV.css (::1) 16.75ms
2026-03-31 19:12:12.480 200 GET /static/js/embed.BiANn3cj.js (::1) 538.86ms
2026-03-31 19:12:12.515 200 GET /static/js/index.DsuyX5yy.js (::1) 573.67ms
2026-03-31 19:12:12.562 200 GET /static/js/threshold.CEb3xhGW.js (::1) 45.88ms
2026-03-31 19:12:12.635 200 GET /static/js/value.X_5h6zV4.js (::1) 48.82ms
2026-03-31 19:12:12.664 200 GET /static/js/WidgetLabelHelpIconInline.p-GgbwF5.js (::1) 28.24ms
2026-03-31 19:12:12.717 200 GET /static/js/timer.DrnPlWJ3.js (::1) 81.57ms
2026-03-31 19:12:12.781 200 GET /static/js/numbro.B9_PXfzp.js (::1) 62.94ms
2026-03-31 19:12:12.815 200 GET /static/js/formatNumber.BdmueDpm.js (::1) 33.38ms
2026-03-31 19:12:12.849 200 GET /static/js/iconPosition.BnTrQB0J.js (::1) 33.59ms
2026-03-31 19:12:13.838 200 GET /static/js/index.Bp77YmrU.js (::1) 988.32ms
2026-03-31 19:12:13.869 200 GET /static/js/index.T5irKb0S.js (::1) 1019.14ms
2026-03-31 19:12:13.902 200 GET /static/js/withFullScreenWrapper.cN232UBk.js (::1) 31.74ms
2026-03-31 19:12:13.983 200 GET /static/js/moment.C7qA8nIE.js (::1) 80.49ms
2026-03-31 19:12:14.064 200 GET /static/js/pandasStylerUtils.G7GPfspw.js (::1) 161.85ms
2026-03-31 19:12:14.092 200 GET /static/js/_baseIndexOf.BTknn6Gb.js (::1) 27.30ms
2026-03-31 19:12:14.144 200 GET /static/js/index.8HslT92O.js (::1) 50.81ms
2026-03-31 19:12:14.257 200 GET /static/js/main.RoKzF5Lw.js (::1) 163.06ms
2026-03-31 19:12:14.288 200 GET /static/js/throttle.C8Wqvyhj.js (::1) 31.14ms
2026-03-31 19:12:14.317 200 GET /static/js/toConsumableArray.Q_9Ve-eG.js (::1) 28.27ms
2026-03-31 19:12:14.346 200 GET /static/js/formatMoment.C6Hwn6X5.js (::1) 57.08ms
2026-03-31 19:12:14.400 200 GET /static/js/checkbox.DjX9W7TF.js (::1) 53.61ms
2026-03-31 19:12:14.427 200 GET /static/js/createDownloadLinkElement.hhAt_ffB.js (::1) 26.69ms
2026-03-31 19:12:14.452 200 GET /static/js/FileDownload.esm.DmrqPFKC.js (::1) 50.75ms
2026-03-31 19:12:14.482 200 GET /static/js/_arrayIncludes.B19Iyn2B.js (::1) 29.64ms
2026-03-31 19:12:16.740 200 GET /static/js/index.CFT5eRxg.js (::1) 2257.67ms
2026-03-31 19:12:16.786 200 GET /static/js/index.CeipAcnQ.js (::1) 2303.44ms
2026-03-31 19:12:16.807 200 GET /static/js/withCalculatedWidth.C2I3eFeZ.js (::1) 20.31ms
2026-03-31 19:13:13.752 304 GET / (::1) 1.16ms
2026-03-31 19:13:13.970 304 GET /_stcore/health (::1) 0.78ms
2026-03-31 19:13:13.971 304 GET /_stcore/host-config (::1) 0.67ms
2026-03-31 19:13:14.019 101 GET /_stcore/stream (::1) 1.88ms
2026-03-31 19:13:14.536 Please replace `use_container_width` with `width`.

`use_container_width` will be removed after 2025-12-31.

For `use_container_width=True`, use `width='stretch'`. For `use_container_width=False`, use `width='content'`.
2026-03-31 19:13:14.554 Please replace `use_container_width` with `width`.

`use_container_width` will be removed after 2025-12-31.

For `use_container_width=True`, use `width='stretch'`. For `use_container_width=False`, use `width='content'`.
2026-03-31 19:13:14.562 Please replace `use_container_width` with `width`.

`use_container_width` will be removed after 2025-12-31.

For `use_container_width=True`, use `width='stretch'`. For `use_container_width=False`, use `width='content'`.
2026-03-31 19:13:14.566 Please replace `use_container_width` with `width`.

`use_container_width` will be removed after 2025-12-31.

For `use_container_width=True`, use `width='stretch'`. For `use_container_width=False`, use `width='content'`.
2026-03-31 19:13:14.926 Please replace `use_container_width` with `width`.

`use_container_width` will be removed after 2025-12-31.

For `use_container_width=True`, use `width='stretch'`. For `use_container_width=False`, use `width='content'`.
2026-03-31 19:13:14.931 Please replace `use_container_width` with `width`.

`use_container_width` will be removed after 2025-12-31.

For `use_container_width=True`, use `width='stretch'`. For `use_container_width=False`, use `width='content'`.
2026-03-31 19:13:16.154 Please replace `use_container_width` with `width`.

`use_container_width` will be removed after 2025-12-31.

For `use_container_width=True`, use `width='stretch'`. For `use_container_width=False`, use `width='content'`.
2026-03-31 19:13:16.179 Please replace `use_container_width` with `width`.

`use_container_width` will be removed after 2025-12-31.

For `use_container_width=True`, use `width='stretch'`. For `use_container_width=False`, use `width='content'`.
2026-03-31 19:13:16.241 Please replace `use_container_width` with `width`.

`use_container_width` will be removed after 2025-12-31.

For `use_container_width=True`, use `width='stretch'`. For `use_container_width=False`, use `width='content'`.
2026-03-31 19:13:16.321 Please replace `use_container_width` with `width`.

`use_container_width` will be removed after 2025-12-31.

For `use_container_width=True`, use `width='stretch'`. For `use_container_width=False`, use `width='content'`.
2026-03-31 19:13:16.367 Please replace `use_container_width` with `width`.

`use_container_width` will be removed after 2025-12-31.

For `use_container_width=True`, use `width='stretch'`. For `use_container_width=False`, use `width='content'`.
2026-03-31 19:17:32.070 304 GET / (::1) 1.20ms
2026-03-31 19:17:32.232 304 GET /_stcore/health (::1) 0.94ms
2026-03-31 19:17:32.233 304 GET /_stcore/host-config (::1) 0.40ms
2026-03-31 19:17:32.247 101 GET /_stcore/stream (::1) 0.86ms
2026-03-31 19:17:32.757 Please replace `use_container_width` with `width`.

`use_container_width` will be removed after 2025-12-31.

For `use_container_width=True`, use `width='stretch'`. For `use_container_width=False`, use `width='content'`.
2026-03-31 19:17:32.767 Please replace `use_container_width` with `width`.

`use_container_width` will be removed after 2025-12-31.

For `use_container_width=True`, use `width='stretch'`. For `use_container_width=False`, use `width='content'`.
2026-03-31 19:17:32.775 Please replace `use_container_width` with `width`.

`use_container_width` will be removed after 2025-12-31.

For `use_container_width=True`, use `width='stretch'`. For `use_container_width=False`, use `width='content'`.
2026-03-31 19:17:32.779 Please replace `use_container_width` with `width`.

`use_container_width` will be removed after 2025-12-31.

For `use_container_width=True`, use `width='stretch'`. For `use_container_width=False`, use `width='content'`.
2026-03-31 19:17:32.976 Please replace `use_container_width` with `width`.

`use_container_width` will be removed after 2025-12-31.

For `use_container_width=True`, use `width='stretch'`. For `use_container_width=False`, use `width='content'`.
2026-03-31 19:17:32.981 Please replace `use_container_width` with `width`.

`use_container_width` will be removed after 2025-12-31.

For `use_container_width=True`, use `width='stretch'`. For `use_container_width=False`, use `width='content'`.
2026-03-31 19:17:33.786 Please replace `use_container_width` with `width`.

`use_container_width` will be removed after 2025-12-31.

For `use_container_width=True`, use `width='stretch'`. For `use_container_width=False`, use `width='content'`.
2026-03-31 19:17:33.803 Please replace `use_container_width` with `width`.

`use_container_width` will be removed after 2025-12-31.

For `use_container_width=True`, use `width='stretch'`. For `use_container_width=False`, use `width='content'`.
2026-03-31 19:17:33.845 Please replace `use_container_width` with `width`.

`use_container_width` will be removed after 2025-12-31.

For `use_container_width=True`, use `width='stretch'`. For `use_container_width=False`, use `width='content'`.
2026-03-31 19:17:33.882 Please replace `use_container_width` with `width`.

`use_container_width` will be removed after 2025-12-31.

For `use_container_width=True`, use `width='stretch'`. For `use_container_width=False`, use `width='content'`.
2026-03-31 19:17:33.900 Please replace `use_container_width` with `width`.

`use_container_width` will be removed after 2025-12-31.

For `use_container_width=True`, use `width='stretch'`. For `use_container_width=False`, use `width='content'`.
2026-03-31 19:19:36.022 200 GET / (::1) 1.79ms
2026-03-31 19:20:59.535 304 GET / (::1) 0.91ms
2026-03-31 19:20:59.750 304 GET /_stcore/health (::1) 0.50ms
2026-03-31 19:20:59.751 304 GET /_stcore/host-config (::1) 0.35ms
2026-03-31 19:20:59.766 101 GET /_stcore/stream (::1) 0.95ms
2026-03-31 19:21:00.241 Please replace `use_container_width` with `width`.

`use_container_width` will be removed after 2025-12-31.

For `use_container_width=True`, use `width='stretch'`. For `use_container_width=False`, use `width='content'`.
2026-03-31 19:21:00.251 Please replace `use_container_width` with `width`.

`use_container_width` will be removed after 2025-12-31.

For `use_container_width=True`, use `width='stretch'`. For `use_container_width=False`, use `width='content'`.
2026-03-31 19:21:00.256 Please replace `use_container_width` with `width`.

`use_container_width` will be removed after 2025-12-31.

For `use_container_width=True`, use `width='stretch'`. For `use_container_width=False`, use `width='content'`.
2026-03-31 19:21:00.259 Please replace `use_container_width` with `width`.

`use_container_width` will be removed after 2025-12-31.

For `use_container_width=True`, use `width='stretch'`. For `use_container_width=False`, use `width='content'`.
2026-03-31 19:21:00.420 Please replace `use_container_width` with `width`.

`use_container_width` will be removed after 2025-12-31.

For `use_container_width=True`, use `width='stretch'`. For `use_container_width=False`, use `width='content'`.
2026-03-31 19:21:00.427 Please replace `use_container_width` with `width`.

`use_container_width` will be removed after 2025-12-31.

For `use_container_width=True`, use `width='stretch'`. For `use_container_width=False`, use `width='content'`.
2026-03-31 19:21:01.636 Please replace `use_container_width` with `width`.

`use_container_width` will be removed after 2025-12-31.

For `use_container_width=True`, use `width='stretch'`. For `use_container_width=False`, use `width='content'`.
2026-03-31 19:21:01.661 Please replace `use_container_width` with `width`.

`use_container_width` will be removed after 2025-12-31.

For `use_container_width=True`, use `width='stretch'`. For `use_container_width=False`, use `width='content'`.
2026-03-31 19:21:01.723 Please replace `use_container_width` with `width`.

`use_container_width` will be removed after 2025-12-31.

For `use_container_width=True`, use `width='stretch'`. For `use_container_width=False`, use `width='content'`.
2026-03-31 19:21:01.787 Please replace `use_container_width` with `width`.

`use_container_width` will be removed after 2025-12-31.

For `use_container_width=True`, use `width='stretch'`. For `use_container_width=False`, use `width='content'`.
2026-03-31 19:21:01.812 Please replace `use_container_width` with `width`.

`use_container_width` will be removed after 2025-12-31.

For `use_container_width=True`, use `width='stretch'`. For `use_container_width=False`, use `width='content'`.
